2024-11-21 14:51:54,108 - __main__ - INFO - Начинаю сериализацию списка словарей в json.
2024-11-21 14:51:54,110 - __main__ - INFO - Успешно закончил сериализацию списка словаерей в json.
2024-11-21 14:51:54,110 - __main__ - INFO - Начинаю сериализацию.
2024-11-21 14:51:54,111 - __main__ - INFO - Успешно завершил считывание файла json в список словарей.
2024-11-21 14:57:47,638 - __main__ - INFO - Начинаю сериализацию.
2024-11-21 14:57:47,641 - __main__ - INFO - Успешно завершил считывание файла json в список словарей.
2024-11-21 15:01:16,002 - __main__ - INFO - Начинаю сериализацию.
2024-11-21 15:01:16,004 - __main__ - INFO - Успешно завершил считывание файла json в список словарей.
2024-11-21 15:02:49,321 - __main__ - INFO - Начинаю сериализацию.
2024-11-21 15:02:49,321 - __main__ - INFO - Успешно завершил считывание файла json в список словарей.
2024-11-21 15:02:49,321 - __main__ - INFO - Начинаю сериализацию списка словарей в json.
2024-11-21 15:03:00,977 - __main__ - INFO - Начинаю сериализацию.
2024-11-21 15:03:00,977 - __main__ - INFO - Успешно завершил считывание файла json в список словарей.
2024-11-21 15:03:00,977 - __main__ - INFO - Начинаю сериализацию списка словарей в json.
2024-11-21 15:03:00,979 - __main__ - INFO - Успешно закончил сериализацию списка словаерей в json.
2024-11-21 15:03:29,005 - __main__ - INFO - Начинаю сериализацию.
2024-11-21 15:03:29,007 - __main__ - INFO - Успешно завершил считывание файла json в список словарей.
2024-11-21 15:03:29,007 - __main__ - INFO - Начинаю сериализацию списка словарей в json.
2024-11-21 15:03:29,008 - __main__ - INFO - Успешно закончил сериализацию списка словаерей в json.
2024-11-21 15:21:20,016 - __main__ - INFO - Начинаю сериализацию.
2024-11-21 15:21:20,018 - __main__ - INFO - Успешно завершил считывание файла json в список словарей.
2024-11-21 15:24:09,855 - __main__ - INFO - Начинаю сериализацию.
2024-11-21 15:24:09,858 - __main__ - INFO - Успешно завершил считывание файла json в список словарей.
2024-11-21 15:26:18,040 - __main__ - INFO - Начинаю сериализацию.
2024-11-21 15:26:18,042 - __main__ - INFO - Успешно завершил считывание файла json в список словарей.
2024-11-21 15:27:31,705 - __main__ - INFO - Начинаю сериализацию.
2024-11-21 15:27:31,705 - __main__ - INFO - Успешно завершил считывание файла json в список словарей.
2024-11-21 15:27:31,705 - __main__ - INFO - Начинаю сериализацию списка словарей в json.
2024-11-21 15:27:31,708 - __main__ - INFO - Успешно закончил сериализацию списка словаерей в json.
2024-11-21 15:27:31,708 - __main__ - INFO - Начинаю сериализацию.
2024-11-21 15:27:31,708 - __main__ - INFO - Успешно завершил считывание файла json в список словарей.
2024-11-21 15:29:32,465 - __main__ - INFO - Начинаю сериализацию.
2024-11-21 15:29:32,465 - __main__ - INFO - Успешно завершил считывание файла json в список словарей.
2024-11-21 15:30:02,952 - __main__ - INFO - Начинаю сериализацию.
2024-11-21 15:30:02,953 - __main__ - INFO - Успешно завершил считывание файла json в список словарей.
2024-11-21 16:04:00,082 - __main__ - INFO - Начинаю сериализацию.
2024-11-21 16:04:00,084 - __main__ - INFO - Успешно завершил считывание файла json в список словарей.
2024-11-21 16:05:05,271 - __main__ - INFO - Начинаю сериализацию.
2024-11-21 16:05:05,273 - __main__ - INFO - Успешно завершил считывание файла json в список словарей.
2024-11-21 16:05:52,720 - __main__ - INFO - Начинаю сериализацию.
2024-11-21 16:05:52,721 - __main__ - INFO - Успешно завершил считывание файла json в список словарей.
2024-11-21 16:06:12,404 - __main__ - INFO - Начинаю сериализацию.
2024-11-21 16:06:12,405 - __main__ - INFO - Успешно завершил считывание файла json в список словарей.
2024-11-21 16:07:04,985 - __main__ - INFO - Начинаю сериализацию.
2024-11-21 16:07:04,985 - __main__ - INFO - Успешно завершил считывание файла json в список словарей.
2024-11-21 16:07:47,986 - __main__ - INFO - Начинаю сериализацию.
2024-11-21 16:07:47,988 - __main__ - INFO - Успешно завершил считывание файла json в список словарей.
2024-11-22 09:37:16,151 - __main__ - INFO - Начинаю сериализацию.
2024-11-22 09:37:16,154 - __main__ - INFO - Успешно завершил считывание файла json в список словарей.
2024-11-22 09:38:05,153 - __main__ - INFO - Начинаю сериализацию.
2024-11-22 09:38:05,154 - __main__ - INFO - Успешно завершил считывание файла json в список словарей.
2024-11-22 09:38:05,154 - __main__ - INFO - Начинаю сериализацию списка словарей в json.
2024-11-22 09:38:05,155 - __main__ - INFO - Успешно закончил сериализацию списка словаерей в json.
2024-11-22 09:38:16,313 - __main__ - INFO - Начинаю сериализацию.
2024-11-22 09:38:16,314 - __main__ - INFO - Успешно завершил считывание файла json в список словарей.
2024-11-22 09:39:03,520 - __main__ - INFO - Начинаю сериализацию.
2024-11-22 09:39:03,521 - __main__ - INFO - Успешно завершил считывание файла json в список словарей.
2024-11-22 09:39:29,242 - __main__ - INFO - Начинаю сериализацию.
2024-11-22 09:39:29,242 - __main__ - INFO - Успешно завершил считывание файла json в список словарей.
2024-11-22 09:39:34,245 - __main__ - INFO - Начинаю сериализацию.
2024-11-22 09:39:34,245 - __main__ - INFO - Успешно завершил считывание файла json в список словарей.
2024-11-22 09:39:49,167 - __main__ - INFO - Начинаю сериализацию.
2024-11-22 09:39:49,167 - __main__ - INFO - Успешно завершил считывание файла json в список словарей.
2024-11-22 09:41:19,697 - __main__ - INFO - Начинаю сериализацию.
2024-11-22 09:41:19,698 - __main__ - INFO - Успешно завершил считывание файла json в список словарей.
2024-11-22 09:41:35,503 - __main__ - INFO - Начинаю сериализацию.
2024-11-22 09:41:35,504 - __main__ - INFO - Успешно завершил считывание файла json в список словарей.
2024-11-22 09:45:08,809 - __main__ - INFO - Начинаю сериализацию.
2024-11-22 09:45:08,810 - __main__ - INFO - Успешно завершил считывание файла json в список словарей.
2024-11-22 09:45:23,811 - __main__ - INFO - Начинаю сериализацию.
2024-11-22 09:45:23,812 - __main__ - INFO - Успешно завершил считывание файла json в список словарей.
2024-11-22 09:49:44,770 - __main__ - INFO - Начинаю сериализацию.
2024-11-22 09:49:44,771 - __main__ - INFO - Успешно завершил считывание файла json в список словарей.
2024-11-22 09:56:44,526 - __main__ - INFO - Пытаюсь удалить книгу 1
2024-11-22 09:56:44,527 - __main__ - INFO - Начинаю сериализацию.
2024-11-22 09:56:44,527 - __main__ - INFO - Успешно завершил считывание файла json в список словарей.
2024-11-22 09:56:44,527 - __main__ - INFO - Книга 1 удалена успешно!
2024-11-22 09:59:32,834 - __main__ - INFO - Пробую поменять статус книги 1 на 2.
2024-11-22 09:59:32,835 - __main__ - INFO - Начинаю сериализацию.
2024-11-22 09:59:32,835 - __main__ - INFO - Успешно завершил считывание файла json в список словарей.
2024-11-22 09:59:32,836 - __main__ - INFO - Статус книги 1 изменен успешно!
2024-11-22 09:59:58,564 - __main__ - INFO - Пробую поменять статус книги 1 на 4.
2024-11-22 09:59:58,564 - __main__ - INFO - Начинаю сериализацию.
2024-11-22 09:59:58,565 - __main__ - INFO - Успешно завершил считывание файла json в список словарей.
2024-11-22 09:59:58,566 - __main__ - INFO - Статус книги 1 изменен успешно!
2024-11-22 10:01:16,384 - __main__ - INFO - Пробую поменять статус книги 1 на 1.
2024-11-22 10:01:16,384 - __main__ - INFO - Начинаю сериализацию.
2024-11-22 10:01:16,385 - __main__ - INFO - Успешно завершил считывание файла json в список словарей.
2024-11-22 10:01:16,385 - __main__ - INFO - Статус книги 1 изменен успешно!
2024-11-22 10:01:25,419 - __main__ - INFO - Начинаю сериализацию.
2024-11-22 10:01:25,420 - __main__ - INFO - Успешно завершил считывание файла json в список словарей.
2024-11-22 10:02:11,376 - __main__ - INFO - Пробую поменять статус книги 1 на 1.
2024-11-22 10:02:11,377 - __main__ - INFO - Начинаю сериализацию.
2024-11-22 10:02:11,377 - __main__ - INFO - Успешно завершил считывание файла json в список словарей.
2024-11-22 10:02:11,378 - __main__ - INFO - Статус книги 1 изменен успешно!
2024-11-22 10:02:27,221 - __main__ - INFO - Пытаюсь удалить книгу 1
2024-11-22 10:02:27,222 - __main__ - INFO - Начинаю сериализацию.
2024-11-22 10:02:27,222 - __main__ - INFO - Успешно завершил считывание файла json в список словарей.
2024-11-22 10:02:27,223 - __main__ - INFO - Книга 1 удалена успешно!
2024-11-22 10:03:41,584 - __main__ - INFO - Начинаю сериализацию.
2024-11-22 10:03:41,585 - __main__ - INFO - Успешно завершил считывание файла json в список словарей.
2024-11-22 10:03:41,585 - __main__ - INFO - Начинаю сериализацию списка словарей в json.
2024-11-22 10:03:41,586 - __main__ - INFO - Успешно закончил сериализацию списка словаерей в json.
2024-11-22 10:04:46,300 - __main__ - INFO - Начинаю сериализацию.
2024-11-22 10:04:46,301 - __main__ - INFO - Успешно завершил считывание файла json в список словарей.
2024-11-22 10:04:46,301 - __main__ - INFO - Начинаю сериализацию списка словарей в json.
2024-11-22 10:04:46,302 - __main__ - INFO - Успешно закончил сериализацию списка словаерей в json.
2024-11-22 10:06:15,887 - __main__ - INFO - Начинаю сериализацию.
2024-11-22 10:06:15,887 - __main__ - INFO - Успешно завершил считывание файла json в список словарей.
2024-11-22 10:06:15,887 - __main__ - INFO - Начинаю сериализацию списка словарей в json.
2024-11-22 10:06:15,888 - __main__ - INFO - Успешно закончил сериализацию списка словаерей в json.
2024-11-22 10:06:42,163 - __main__ - INFO - Начинаю сериализацию.
2024-11-22 10:06:42,164 - __main__ - INFO - Успешно завершил считывание файла json в список словарей.
2024-11-22 10:07:10,353 - __main__ - INFO - Начинаю сериализацию.
2024-11-22 10:07:10,354 - __main__ - INFO - Успешно завершил считывание файла json в список словарей.
2024-11-22 10:07:28,498 - __main__ - INFO - Начинаю сериализацию.
2024-11-22 10:07:28,499 - __main__ - INFO - Успешно завершил считывание файла json в список словарей.
2024-11-22 10:07:47,876 - __main__ - INFO - Начинаю сериализацию.
2024-11-22 10:07:47,877 - __main__ - INFO - Успешно завершил считывание файла json в список словарей.
2024-11-22 10:08:09,146 - __main__ - INFO - Пытаюсь удалить книгу 1
2024-11-22 10:08:09,147 - __main__ - INFO - Начинаю сериализацию.
2024-11-22 10:08:09,147 - __main__ - INFO - Успешно завершил считывание файла json в список словарей.
2024-11-22 10:08:09,148 - __main__ - INFO - Книга 1 удалена успешно!
2024-11-22 10:08:22,520 - __main__ - INFO - Начинаю сериализацию.
2024-11-22 10:08:22,521 - __main__ - INFO - Успешно завершил считывание файла json в список словарей.
2024-11-22 10:10:55,859 - __main__ - INFO - Пытаюсь удалить книгу 1
2024-11-22 10:10:55,859 - __main__ - INFO - Начинаю сериализацию.
2024-11-22 10:10:55,860 - __main__ - INFO - Успешно завершил считывание файла json в список словарей.
2024-11-22 10:10:55,860 - __main__ - INFO - Начинаю сериализацию списка словарей в json.
2024-11-22 10:10:55,861 - __main__ - INFO - Успешно закончил сериализацию списка словаерей в json.
2024-11-22 10:10:55,861 - __main__ - INFO - Книга 1 удалена успешно!
2024-11-22 10:11:04,971 - __main__ - INFO - Начинаю сериализацию.
2024-11-22 10:11:04,972 - __main__ - INFO - Успешно завершил считывание файла json в список словарей.
2024-11-22 10:13:26,129 - __main__ - INFO - Пытаюсь удалить книгу 1
2024-11-22 10:13:26,129 - __main__ - INFO - Начинаю сериализацию.
2024-11-22 10:13:26,130 - __main__ - INFO - Успешно завершил считывание файла json в список словарей.
2024-11-22 10:13:26,130 - __main__ - INFO - Начинаю сериализацию списка словарей в json.
2024-11-22 10:13:26,131 - __main__ - INFO - Успешно закончил сериализацию списка словаерей в json.
2024-11-22 10:13:26,131 - __main__ - INFO - Книга 1 удалена успешно!
2024-11-22 10:13:36,835 - __main__ - INFO - Начинаю сериализацию.
2024-11-22 10:13:36,836 - __main__ - INFO - Успешно завершил считывание файла json в список словарей.
2024-11-22 10:14:11,897 - __main__ - INFO - Пытаюсь удалить книгу 1
2024-11-22 10:14:11,897 - __main__ - INFO - Начинаю сериализацию.
2024-11-22 10:14:11,898 - __main__ - INFO - Успешно завершил считывание файла json в список словарей.
2024-11-22 10:14:11,899 - __main__ - INFO - Начинаю сериализацию списка словарей в json.
2024-11-22 10:14:11,900 - __main__ - INFO - Успешно закончил сериализацию списка словаерей в json.
2024-11-22 10:14:11,900 - __main__ - INFO - Книга 1 удалена успешно!
2024-11-22 10:15:23,588 - __main__ - INFO - Пытаюсь удалить книгу 1
2024-11-22 10:15:23,588 - __main__ - INFO - Начинаю сериализацию.
2024-11-22 10:15:23,589 - __main__ - INFO - Успешно завершил считывание файла json в список словарей.
2024-11-22 10:15:23,589 - __main__ - INFO - Начинаю сериализацию списка словарей в json.
2024-11-22 10:15:23,590 - __main__ - INFO - Успешно закончил сериализацию списка словаерей в json.
2024-11-22 10:15:23,590 - __main__ - INFO - Книга 1 удалена успешно!
2024-11-22 10:20:47,779 - __main__ - INFO - Пытаюсь удалить книгу 1
2024-11-22 10:20:47,779 - __main__ - INFO - Начинаю сериализацию.
2024-11-22 10:20:47,780 - __main__ - INFO - Успешно завершил считывание файла json в список словарей.
2024-11-22 10:20:47,780 - __main__ - INFO - Начинаю сериализацию списка словарей в json.
2024-11-22 10:20:47,781 - __main__ - INFO - Успешно закончил сериализацию списка словаерей в json.
2024-11-22 10:20:47,781 - __main__ - INFO - Книга 1 удалена успешно!
2024-11-22 10:20:53,035 - __main__ - INFO - Начинаю сериализацию.
2024-11-22 10:20:53,036 - __main__ - INFO - Успешно завершил считывание файла json в список словарей.
2024-11-22 10:21:09,100 - __main__ - INFO - Начинаю сериализацию.
2024-11-22 10:21:09,101 - __main__ - INFO - Успешно завершил считывание файла json в список словарей.
2024-11-22 10:23:04,219 - __main__ - INFO - Начинаю сериализацию.
2024-11-22 10:23:04,219 - __main__ - INFO - Успешно завершил считывание файла json в список словарей.
2024-11-22 10:23:15,261 - __main__ - INFO - Начинаю сериализацию.
2024-11-22 10:23:15,262 - __main__ - INFO - Успешно завершил считывание файла json в список словарей.
2024-11-22 10:23:24,469 - __main__ - INFO - Начинаю сериализацию.
2024-11-22 10:23:24,469 - __main__ - INFO - Успешно завершил считывание файла json в список словарей.
2024-11-22 10:23:33,256 - __main__ - INFO - Начинаю сериализацию.
2024-11-22 10:23:33,257 - __main__ - INFO - Успешно завершил считывание файла json в список словарей.
2024-11-22 10:23:43,189 - __main__ - INFO - Начинаю сериализацию.
2024-11-22 10:23:43,190 - __main__ - INFO - Успешно завершил считывание файла json в список словарей.
2024-11-22 10:23:43,190 - __main__ - INFO - Начинаю сериализацию списка словарей в json.
2024-11-22 10:23:43,191 - __main__ - INFO - Успешно закончил сериализацию списка словаерей в json.
2024-11-22 10:23:54,033 - __main__ - INFO - Пробую поменять статус книги 5 на 1.
2024-11-22 10:23:54,033 - __main__ - INFO - Начинаю сериализацию.
2024-11-22 10:23:54,033 - __main__ - INFO - Успешно завершил считывание файла json в список словарей.
2024-11-22 10:23:54,034 - __main__ - INFO - Статус книги 5 изменен успешно!
2024-11-22 10:23:58,353 - __main__ - INFO - Начинаю сериализацию.
2024-11-22 10:23:58,354 - __main__ - INFO - Успешно завершил считывание файла json в список словарей.
2024-11-22 10:42:53,822 - __main__ - INFO - Пытаюсь удалить книгу 1
2024-11-22 10:42:53,822 - __main__ - INFO - Начинаю сериализацию.
2024-11-22 10:42:53,823 - __main__ - INFO - Успешно завершил считывание файла json в список словарей.
2024-11-22 10:42:53,823 - __main__ - ERROR - Ошибка удаления книги '1'
2024-11-22 10:43:43,846 - __main__ - INFO - Пытаюсь удалить книгу 1
2024-11-22 10:43:43,846 - __main__ - INFO - Начинаю сериализацию.
2024-11-22 10:43:43,847 - __main__ - INFO - Успешно завершил считывание файла json в список словарей.
2024-11-22 10:43:43,847 - __main__ - ERROR - Ошибка удаления книги '1'
2024-11-22 10:45:48,459 - __main__ - INFO - Пытаюсь удалить книгу 2
2024-11-22 10:45:48,460 - __main__ - INFO - Начинаю сериализацию.
2024-11-22 10:45:48,460 - __main__ - INFO - Успешно завершил считывание файла json в список словарей.
2024-11-22 10:45:48,461 - __main__ - INFO - Начинаю сериализацию списка словарей в json.
2024-11-22 10:45:48,462 - __main__ - INFO - Успешно закончил сериализацию списка словаерей в json.
2024-11-22 10:45:48,462 - __main__ - INFO - Книга 2 удалена успешно!
2024-11-22 10:45:54,131 - __main__ - INFO - Пытаюсь удалить книгу 1
2024-11-22 10:45:54,131 - __main__ - INFO - Начинаю сериализацию.
2024-11-22 10:45:54,132 - __main__ - INFO - Успешно завершил считывание файла json в список словарей.
2024-11-22 10:45:54,132 - __main__ - INFO - Начинаю сериализацию списка словарей в json.
2024-11-22 10:45:54,133 - __main__ - INFO - Успешно закончил сериализацию списка словаерей в json.
2024-11-22 10:45:54,133 - __main__ - INFO - Книга 1 удалена успешно!
2024-11-22 10:45:58,000 - __main__ - INFO - Начинаю сериализацию.
2024-11-22 10:45:58,000 - __main__ - INFO - Успешно завершил считывание файла json в список словарей.
2024-11-22 10:46:56,576 - __main__ - INFO - Пытаюсь удалить книгу 1
2024-11-22 10:46:56,577 - __main__ - INFO - Начинаю сериализацию.
2024-11-22 10:46:56,577 - __main__ - INFO - Успешно завершил считывание файла json в список словарей.
2024-11-22 10:46:56,577 - __main__ - INFO - Начинаю сериализацию списка словарей в json.
2024-11-22 10:46:56,578 - __main__ - INFO - Успешно закончил сериализацию списка словаерей в json.
2024-11-22 10:46:56,578 - __main__ - INFO - Книга 1 удалена успешно!
2024-11-22 10:48:00,368 - __main__ - INFO - Пытаюсь удалить книгу 1
2024-11-22 10:48:00,368 - __main__ - INFO - Начинаю сериализацию.
2024-11-22 10:48:00,369 - __main__ - INFO - Успешно завершил считывание файла json в список словарей.
2024-11-22 10:48:00,369 - __main__ - ERROR - Ошибка удаления книги '1'
2024-11-22 10:49:04,175 - __main__ - INFO - Пытаюсь удалить книгу 1
2024-11-22 10:49:04,175 - __main__ - INFO - Начинаю сериализацию.
2024-11-22 10:49:04,176 - __main__ - INFO - Успешно завершил считывание файла json в список словарей.
2024-11-22 10:49:04,176 - __main__ - INFO - Начинаю сериализацию списка словарей в json.
2024-11-22 10:49:04,177 - __main__ - INFO - Успешно закончил сериализацию списка словаерей в json.
2024-11-22 10:49:04,177 - __main__ - INFO - Книга 1 удалена успешно!
2024-11-22 10:50:14,763 - __main__ - INFO - Пытаюсь удалить книгу 1
2024-11-22 10:50:14,764 - __main__ - INFO - Начинаю сериализацию.
2024-11-22 10:50:14,764 - __main__ - INFO - Успешно завершил считывание файла json в список словарей.
2024-11-22 10:50:14,765 - __main__ - INFO - Начинаю сериализацию списка словарей в json.
2024-11-22 10:50:14,766 - __main__ - INFO - Успешно закончил сериализацию списка словаерей в json.
2024-11-22 10:50:14,766 - __main__ - INFO - Книга 1 удалена успешно!
2024-11-22 10:50:33,753 - __main__ - INFO - Пытаюсь удалить книгу 1
2024-11-22 10:50:33,753 - __main__ - INFO - Начинаю сериализацию.
2024-11-22 10:50:33,754 - __main__ - INFO - Успешно завершил считывание файла json в список словарей.
2024-11-22 10:50:33,755 - __main__ - INFO - Начинаю сериализацию списка словарей в json.
2024-11-22 10:50:33,756 - __main__ - INFO - Успешно закончил сериализацию списка словаерей в json.
2024-11-22 10:50:33,756 - __main__ - INFO - Книга 1 удалена успешно!
2024-11-22 10:50:46,153 - __main__ - INFO - Начинаю сериализацию.
2024-11-22 10:50:46,154 - __main__ - INFO - Успешно завершил считывание файла json в список словарей.
2024-11-22 10:51:54,869 - __main__ - INFO - Пытаюсь удалить книгу 2
2024-11-22 10:51:54,869 - __main__ - INFO - Начинаю сериализацию.
2024-11-22 10:51:54,870 - __main__ - INFO - Успешно завершил считывание файла json в список словарей.
2024-11-22 10:51:54,870 - __main__ - INFO - Начинаю сериализацию списка словарей в json.
2024-11-22 10:51:54,872 - __main__ - INFO - Успешно закончил сериализацию списка словаерей в json.
2024-11-22 10:51:54,872 - __main__ - INFO - Книга 2 удалена успешно!
2024-11-22 10:52:54,133 - __main__ - INFO - Пытаюсь удалить книгу 3
2024-11-22 10:52:54,133 - __main__ - INFO - Начинаю сериализацию.
2024-11-22 10:52:54,134 - __main__ - INFO - Успешно завершил считывание файла json в список словарей.
2024-11-22 10:52:54,134 - __main__ - INFO - Начинаю сериализацию списка словарей в json.
2024-11-22 10:52:54,135 - __main__ - INFO - Успешно закончил сериализацию списка словаерей в json.
2024-11-22 10:52:54,135 - __main__ - INFO - Книга 3 удалена успешно!
2024-11-22 10:55:55,241 - __main__ - INFO - Пытаюсь удалить книгу 4
2024-11-22 10:55:55,241 - __main__ - INFO - Начинаю сериализацию.
2024-11-22 10:55:55,242 - __main__ - INFO - Успешно завершил считывание файла json в список словарей.
2024-11-22 10:55:55,242 - __main__ - INFO - Начинаю сериализацию списка словарей в json.
2024-11-22 10:55:55,243 - __main__ - INFO - Успешно закончил сериализацию списка словаерей в json.
2024-11-22 10:55:55,244 - __main__ - INFO - Книга 4 удалена успешно!
2024-11-22 10:57:06,223 - __main__ - INFO - Начинаю сериализацию.
2024-11-22 10:57:06,224 - __main__ - INFO - Успешно завершил считывание файла json в список словарей.
2024-11-22 10:57:18,556 - __main__ - INFO - Начинаю сериализацию.
2024-11-22 10:57:18,557 - __main__ - INFO - Успешно завершил считывание файла json в список словарей.
2024-11-22 10:57:36,980 - __main__ - INFO - Начинаю сериализацию.
2024-11-22 10:57:36,980 - __main__ - INFO - Успешно завершил считывание файла json в список словарей.
2024-11-22 10:58:13,279 - __main__ - INFO - Пробую поменять статус книги 5 на 1.
2024-11-22 10:58:13,279 - __main__ - INFO - Начинаю сериализацию.
2024-11-22 10:58:13,280 - __main__ - INFO - Успешно завершил считывание файла json в список словарей.
2024-11-22 10:58:13,280 - __main__ - INFO - Начинаю сериализацию списка словарей в json.
2024-11-22 10:58:13,281 - __main__ - INFO - Успешно закончил сериализацию списка словаерей в json.
2024-11-22 10:58:13,281 - __main__ - INFO - Статус книги 5 изменен успешно!
2024-11-22 10:58:17,244 - __main__ - INFO - Начинаю сериализацию.
2024-11-22 10:58:17,245 - __main__ - INFO - Успешно завершил считывание файла json в список словарей.
2024-11-22 10:59:29,117 - __main__ - INFO - Пробую поменять статус книги 5 на Выдана.
2024-11-22 10:59:29,117 - __main__ - INFO - Начинаю сериализацию.
2024-11-22 10:59:29,118 - __main__ - INFO - Успешно завершил считывание файла json в список словарей.
2024-11-22 10:59:29,118 - __main__ - INFO - Начинаю сериализацию списка словарей в json.
2024-11-22 10:59:29,119 - __main__ - INFO - Успешно закончил сериализацию списка словаерей в json.
2024-11-22 10:59:29,120 - __main__ - INFO - Статус книги 5 изменен успешно!
2024-11-22 10:59:33,678 - __main__ - INFO - Начинаю сериализацию.
2024-11-22 10:59:33,679 - __main__ - INFO - Успешно завершил считывание файла json в список словарей.
2024-11-22 11:00:35,492 - __main__ - INFO - Начинаю сериализацию.
2024-11-22 11:00:35,493 - __main__ - INFO - Успешно завершил считывание файла json в список словарей.
2024-11-22 11:01:40,047 - __main__ - INFO - Начинаю сериализацию.
2024-11-22 11:01:40,048 - __main__ - INFO - Успешно завершил считывание файла json в список словарей.
2024-11-22 11:02:06,794 - __main__ - INFO - Начинаю сериализацию.
2024-11-22 11:02:06,795 - __main__ - INFO - Успешно завершил считывание файла json в список словарей.
2024-11-22 11:03:42,025 - __main__ - INFO - Начинаю сериализацию.
2024-11-22 11:03:42,026 - __main__ - INFO - Успешно завершил считывание файла json в список словарей.
2024-11-22 11:03:53,420 - __main__ - INFO - Начинаю сериализацию.
2024-11-22 11:03:53,421 - __main__ - INFO - Успешно завершил считывание файла json в список словарей.
2024-11-22 11:05:52,217 - __main__ - INFO - Начинаю сериализацию.
2024-11-22 11:05:52,218 - __main__ - INFO - Успешно завершил считывание файла json в список словарей.
2024-11-22 11:06:05,793 - __main__ - INFO - Начинаю сериализацию.
2024-11-22 11:06:05,794 - __main__ - INFO - Успешно завершил считывание файла json в список словарей.
2024-11-22 11:06:36,167 - __main__ - INFO - Начинаю сериализацию.
2024-11-22 11:06:36,168 - __main__ - INFO - Успешно завершил считывание файла json в список словарей.
2024-11-22 11:06:47,091 - __main__ - INFO - Начинаю сериализацию.
2024-11-22 11:06:47,092 - __main__ - INFO - Успешно завершил считывание файла json в список словарей.
2024-11-22 11:07:32,704 - __main__ - INFO - Начинаю сериализацию.
2024-11-22 11:07:32,705 - __main__ - INFO - Успешно завершил считывание файла json в список словарей.
2024-11-22 11:07:39,703 - __main__ - INFO - Начинаю сериализацию.
2024-11-22 11:07:39,703 - __main__ - INFO - Успешно завершил считывание файла json в список словарей.
2024-11-22 11:08:07,672 - __main__ - INFO - Начинаю сериализацию.
2024-11-22 11:08:07,673 - __main__ - INFO - Успешно завершил считывание файла json в список словарей.
2024-11-22 11:08:15,375 - __main__ - INFO - Начинаю сериализацию.
2024-11-22 11:08:15,376 - __main__ - INFO - Успешно завершил считывание файла json в список словарей.
2024-11-22 11:08:35,499 - __main__ - INFO - Начинаю сериализацию.
2024-11-22 11:08:35,499 - __main__ - INFO - Успешно завершил считывание файла json в список словарей.
2024-11-22 11:08:38,131 - __main__ - INFO - Начинаю сериализацию.
2024-11-22 11:08:38,132 - __main__ - INFO - Успешно завершил считывание файла json в список словарей.
2024-11-22 11:09:15,451 - __main__ - INFO - Начинаю сериализацию.
2024-11-22 11:09:15,451 - __main__ - INFO - Успешно завершил считывание файла json в список словарей.
2024-11-22 11:09:24,394 - __main__ - INFO - Начинаю сериализацию.
2024-11-22 11:09:24,394 - __main__ - INFO - Успешно завершил считывание файла json в список словарей.
2024-11-22 11:09:53,621 - __main__ - INFO - Начинаю сериализацию.
2024-11-22 11:09:53,622 - __main__ - INFO - Успешно завершил считывание файла json в список словарей.
2024-11-22 11:10:05,902 - __main__ - INFO - Начинаю сериализацию.
2024-11-22 11:10:05,903 - __main__ - INFO - Успешно завершил считывание файла json в список словарей.
2024-11-22 11:10:13,265 - __main__ - INFO - Начинаю сериализацию.
2024-11-22 11:10:13,265 - __main__ - INFO - Успешно завершил считывание файла json в список словарей.
2024-11-22 11:10:18,222 - __main__ - INFO - Начинаю сериализацию.
2024-11-22 11:10:18,223 - __main__ - INFO - Успешно завершил считывание файла json в список словарей.
2024-11-22 11:35:37,020 - __main__ - INFO - Вывожу основное меню
2024-11-22 11:35:37,020 - __main__ - INFO - Вывожу основное меню.
2024-11-22 11:35:39,654 - __main__ - INFO - Вывожу перечень всех книг
2024-11-22 11:41:22,135 - library_app - INFO - Вывожу основное меню.
2024-11-22 11:44:16,719 - library_app - INFO - Вывожу основное меню.
2024-11-22 11:44:44,442 - library_app - INFO - Вывожу основное меню.
2024-11-22 11:47:31,998 - library_app - INFO - Вывожу основное меню.
